生成启动时间为 2021/5/8 21:02:21。
     1>项目“D:\VS2013 Work\WordCount\WordCount\WordCount.vcxproj”在节点 2 上(Build 个目标)。
     1>ClCompile:
         D:\VS2013\VC\bin\CL.exe /c /Zi /nologo /W3 /WX- /O2 /Oi /Oy- /GL /D WIN32 /D NDEBUG /D _CONSOLE /D _LIB /D _UNICODE /D UNICODE /Gm- /EHsc /MD /GS /Gy /fp:precise /Zc:wchar_t /Zc:forScope /Yc"stdafx.h" /Fp"Release\WordCount.pch" /Fo"Release\\" /Fd"Release\vc120.pdb" /Gd /TP /analyze- /errorReport:prompt stdafx.cpp
         stdafx.cpp
         D:\VS2013\VC\bin\CL.exe /c /Zi /nologo /W3 /WX- /O2 /Oi /Oy- /GL /D WIN32 /D NDEBUG /D _CONSOLE /D _LIB /D _UNICODE /D UNICODE /Gm- /EHsc /MD /GS /Gy /fp:precise /Zc:wchar_t /Zc:forScope /Yu"stdafx.h" /Fp"Release\WordCount.pch" /Fo"Release\\" /Fd"Release\vc120.pdb" /Gd /TP /analyze- /errorReport:prompt WordCount.cpp
         WordCount.cpp
     1>WordCount.cpp(10): warning C4129: “i”: 不可识别的字符转义序列
     1>WordCount.cpp(15): warning C4996: 'fopen': This function or variable may be unsafe. Consider using fopen_s instead. To disable deprecation, use _CRT_SECURE_NO_WARNINGS. See online help for details.
                 D:\VS2013\VC\include\stdio.h(211) : 参见“fopen”的声明
     1>WordCount.cpp(16): warning C4996: 'scanf': This function or variable may be unsafe. Consider using scanf_s instead. To disable deprecation, use _CRT_SECURE_NO_WARNINGS. See online help for details.
                 D:\VS2013\VC\include\stdio.h(283) : 参见“scanf”的声明
     1>WordCount.cpp(32): warning C4018: “<”: 有符号/无符号不匹配
       Link:
         D:\VS2013\VC\bin\link.exe /ERRORREPORT:PROMPT /OUT:"D:\VS2013 Work\WordCount\Release\WordCount.exe" /INCREMENTAL:NO /NOLOGO kernel32.lib user32.lib gdi32.lib winspool.lib comdlg32.lib advapi32.lib shell32.lib ole32.lib oleaut32.lib uuid.lib odbc32.lib odbccp32.lib /MANIFEST /MANIFESTUAC:"level='asInvoker' uiAccess='false'" /manifest:embed /DEBUG /PDB:"D:\VS2013 Work\WordCount\Release\WordCount.pdb" /SUBSYSTEM:CONSOLE /OPT:REF /OPT:ICF /LTCG /TLBID:1 /DYNAMICBASE /NXCOMPAT /IMPLIB:"D:\VS2013 Work\WordCount\Release\WordCount.lib" /MACHINE:X86 /SAFESEH Release\stdafx.obj
         Release\WordCount.obj
         正在生成代码
         已完成代码的生成
         WordCount.vcxproj -> D:\VS2013 Work\WordCount\Release\WordCount.exe
     1>已完成生成项目“D:\VS2013 Work\WordCount\WordCount\WordCount.vcxproj”(Build 个目标)的操作。

生成成功。

已用时间 00:00:01.36
